time="2026-01-06T06:53:39+05:30" level=warning msg="/home/mithun/Desktop/projects/momentum/docker-compose.prod.yml: the attribute `version` is obsolete, it will be ignored, please remove it to avoid potential confusion"
#1 [internal] load local bake definitions
#1 reading from stdin 519B done
#1 DONE 0.0s

#2 [internal] load build definition from Dockerfile
#2 transferring dockerfile: 2.36kB done
#2 DONE 0.0s

#3 [internal] load metadata for docker.io/library/node:24-slim
#3 DONE 1.6s

#4 [internal] load .dockerignore
#4 transferring context: 173B done
#4 DONE 0.0s

#5 [base 1/1] FROM docker.io/library/node:24-slim@sha256:b83af04d005d8e3716f542469a28ad2947ba382f6b4a76ddca0827a21446a540
#5 resolve docker.io/library/node:24-slim@sha256:b83af04d005d8e3716f542469a28ad2947ba382f6b4a76ddca0827a21446a540 0.0s done
#5 DONE 0.0s

#6 [builder 1/5] WORKDIR /app
#6 CACHED

#7 [runner 2/8] RUN addgroup --system --gid 1001 nodejs
#7 CACHED

#8 [runner 3/8] RUN adduser --system --uid 1001 nextjs
#8 CACHED

#9 [internal] load build context
#9 transferring context: 20.70kB done
#9 DONE 0.0s

#10 [deps 4/5] COPY prisma ./prisma
#10 CACHED

#11 [deps 5/5] RUN   if [ -f yarn.lock ]; then yarn --frozen-lockfile;   elif [ -f package-lock.json ]; then npm install;   elif [ -f pnpm-lock.yaml ]; then corepack enable pnpm && pnpm i --frozen-lockfile;   else echo "Lockfile not found." && exit 1;   fi
#11 CACHED

#12 [deps 1/5] RUN apt-get update && apt-get install -y python3 make g++ openssl pkg-config
#12 CACHED

#13 [deps 3/5] COPY package.json yarn.lock* package-lock.json* pnpm-lock.yaml* ./
#13 CACHED

#14 [deps 2/5] WORKDIR /app
#14 CACHED

#15 [builder 2/5] COPY --from=deps /app/node_modules ./node_modules
#15 CACHED

#16 [builder 3/5] COPY . .
#16 DONE 0.2s

#17 [builder 4/5] RUN npx prisma generate
#17 1.212 Loaded Prisma config from prisma.config.ts.
#17 1.212 
#17 1.236 prisma:warn Prisma failed to detect the libssl/openssl version to use, and may not work as expected. Defaulting to "openssl-1.1.x".
#17 1.236 Please manually install OpenSSL via `apt-get update -y && apt-get install -y openssl` and try installing Prisma again. If you're running Prisma on Docker, add this command to your Dockerfile, or switch to an image that already has OpenSSL installed.
#17 1.237 prisma:warn Prisma failed to detect the libssl/openssl version to use, and may not work as expected. Defaulting to "openssl-1.1.x".
#17 1.237 Please manually install OpenSSL via `apt-get update -y && apt-get install -y openssl` and try installing Prisma again. If you're running Prisma on Docker, add this command to your Dockerfile, or switch to an image that already has OpenSSL installed.
#17 3.516 Prisma schema loaded from prisma/schema.prisma.
#17 3.746 
#17 3.746 ✔ Generated Prisma Client (v7.2.0) to ./node_modules/@prisma/client in 134ms
#17 3.746 
#17 3.746 Start by importing your Prisma Client (See: https://pris.ly/d/importing-client)
#17 3.746 
#17 3.746 Tip: Interested in query caching in just a few lines of code? Try Accelerate today! https://pris.ly/tip-3-accelerate
#17 3.746 
#17 3.761 npm notice
#17 3.761 npm notice New minor version of npm available! 11.6.2 -> 11.7.0
#17 3.761 npm notice Changelog: https://github.com/npm/cli/releases/tag/v11.7.0
#17 3.761 npm notice To update run: npm install -g npm@11.7.0
#17 3.761 npm notice
#17 DONE 3.8s

#18 [builder 5/5] RUN   if [ -f yarn.lock ]; then yarn run build;   elif [ -f package-lock.json ]; then DATABASE_URL="postgresql://dummy" DIRECT_URL="postgresql://dummy" NEXTAUTH_SECRET="dummy" npm run build;   elif [ -f pnpm-lock.yaml ]; then corepack enable pnpm && pnpm run build;   else echo "Lockfile not found." && exit 1;   fi
#18 0.255 
#18 0.255 > momentum@1.0.0 build
#18 0.255 > next build
#18 0.255 
#18 0.693 ▲ Next.js 16.1.1 (Turbopack)
#18 0.693 - Experiments (use with caution):
#18 0.693   · serverActions
#18 0.693 
#18 0.712   Creating an optimized production build ...
#18 9.009 ✓ Compiled successfully in 8.1s
#18 9.018   Running TypeScript ...
#18 16.25   Collecting page data using 15 workers ...
#18 17.18 DEEPGRAM_API_KEY is not set. Voice transcription will fall back to Web Speech API.
#18 17.32   Generating static pages using 15 workers (0/23) ...
#18 17.39 DEEPGRAM_API_KEY is not set. Voice transcription will fall back to Web Speech API.
#18 17.70   Generating static pages using 15 workers (5/23) 
#18 17.89   Generating static pages using 15 workers (11/23) 
#18 18.01   Generating static pages using 15 workers (17/23) 
#18 18.01 ✓ Generating static pages using 15 workers (23/23) in 685.4ms
#18 18.01   Finalizing page optimization ...
#18 18.20 
#18 18.20 Route (app)
#18 18.20 ┌ ○ /
#18 18.20 ├ ○ /_not-found
#18 18.20 ├ ƒ /api/auth/[...nextauth]
#18 18.20 ├ ƒ /api/auth/signup
#18 18.20 ├ ƒ /api/transcribe
#18 18.20 ├ ƒ /api/trpc/[trpc]
#18 18.20 ├ ƒ /api/upload
#18 18.20 ├ ƒ /api/uploadthing
#18 18.20 ├ ○ /auth/forgot-password
#18 18.20 ├ ○ /auth/signin
#18 18.20 ├ ○ /auth/signup
#18 18.20 ├ ○ /dashboard
#18 18.20 ├ ○ /dashboard/ai
#18 18.20 ├ ○ /dashboard/analytics
#18 18.20 ├ ○ /dashboard/events
#18 18.20 ├ ○ /dashboard/goals
#18 18.20 ├ ○ /dashboard/habits
#18 18.20 ├ ○ /dashboard/journal
#18 18.20 ├ ƒ /dashboard/journal/[date]
#18 18.20 ├ ○ /dashboard/settings
#18 18.20 ├ ○ /dashboard/tasks
#18 18.20 ├ ○ /dashboard/workspace
#18 18.20 ├ ƒ /dashboard/workspace/[id]
#18 18.20 ├ ○ /privacy
#18 18.20 └ ○ /terms
#18 18.20 
#18 18.20 
#18 18.20 ○  (Static)   prerendered as static content
#18 18.20 ƒ  (Dynamic)  server-rendered on demand
#18 18.20 
#18 DONE 18.5s

#19 [runner 4/8] COPY --from=builder /app/public ./public
#19 DONE 0.4s

#20 [runner 5/8] RUN mkdir .next
#20 DONE 0.4s

#21 [runner 6/8] RUN chown nextjs:nodejs .next
#21 DONE 0.4s

#22 [runner 7/8] COPY --from=builder --chown=nextjs:nodejs /app/.next/standalone ./
#22 DONE 0.5s

#23 [runner 8/8] COPY --from=builder --chown=nextjs:nodejs /app/.next/static ./.next/static
#23 DONE 0.1s

#24 exporting to image
#24 exporting layers
#24 exporting layers 3.1s done
#24 exporting manifest sha256:479e9a0026476e21db96788ed49ec003530cebf0a962a4f2e32e1673d89036c8
#24 exporting manifest sha256:479e9a0026476e21db96788ed49ec003530cebf0a962a4f2e32e1673d89036c8 0.1s done
#24 exporting config sha256:231cca8e0a058125570d446f487f59269b990316ab972574b104458fc884f74c 0.0s done
#24 exporting attestation manifest sha256:f667b0894364fbcedd6735916aef9a0e1fa20f69e68ee7b95100e5bc64ad2bce
#24 exporting attestation manifest sha256:f667b0894364fbcedd6735916aef9a0e1fa20f69e68ee7b95100e5bc64ad2bce 0.2s done
#24 exporting manifest list sha256:a1ad69f344a99918a65e3911ad654f55fba807ad576056d18093f7b6ad1fb416
#24 exporting manifest list sha256:a1ad69f344a99918a65e3911ad654f55fba807ad576056d18093f7b6ad1fb416 0.1s done
#24 naming to docker.io/library/momentum-app:latest 0.0s done
#24 unpacking to docker.io/library/momentum-app:latest
#24 unpacking to docker.io/library/momentum-app:latest 1.1s done
#24 DONE 4.7s

#25 resolving provenance for metadata file
#25 DONE 0.0s
 momentum-app  Built
 Network momentum_momentum-network  Creating
 Network momentum_momentum-network  Created
 Container momentum-app  Creating
 Container momentum-app  Created
 Container momentum-app  Starting
 Container momentum-app  Started
